<?xml version="1.0" encoding="UTF-8"?>
<testng-results skipped="0" failed="0" ignored="0" total="1" passed="1">
  <reporter-output>
  </reporter-output>
  <suite name="Default suite" duration-ms="10516" started-at="2021-01-13T03:40:27Z" finished-at="2021-01-13T03:40:37Z">
    <groups>
    </groups>
    <test name="Default test" duration-ms="10516" started-at="2021-01-13T03:40:27Z" finished-at="2021-01-13T03:40:37Z">
      <class name="com.qa.fdcalculator.testcase.SIcalculation">
        <test-method status="PASS" signature="setup()[pri:0, instance:com.qa.fdcalculator.testcase.SIcalculation@91161c7]" name="setup" is-config="true" duration-ms="9226" started-at="2021-01-13T03:40:27Z" finished-at="2021-01-13T03:40:36Z">
          <reporter-output>
          </reporter-output>
        </test-method> <!-- setup -->
        <test-method status="PASS" signature="calculationSI()[pri:0, instance:com.qa.fdcalculator.testcase.SIcalculation@91161c7]" name="calculationSI" duration-ms="1208" started-at="2021-01-13T03:40:36Z" finished-at="2021-01-13T03:40:37Z">
          <reporter-output>
          </reporter-output>
        </test-method> <!-- calculationSI -->
        <test-method status="PASS" signature="tear()[pri:0, instance:com.qa.fdcalculator.testcase.SIcalculation@91161c7]" name="tear" is-config="true" duration-ms="59" started-at="2021-01-13T03:40:37Z" finished-at="2021-01-13T03:40:37Z">
          <reporter-output>
          </reporter-output>
        </test-method> <!-- tear -->
      </class> <!-- com.qa.fdcalculator.testcase.SIcalculation -->
    </test> <!-- Default test -->
  </suite> <!-- Default suite -->
</testng-results>
